[16:46:30] [Server thread/INFO]: Starting minecraft server version 1.12
[16:46:30] [Server thread/INFO]: Loading properties
[16:46:30] [Server thread/INFO]: Default game type: SURVIVAL
[16:46:30] [Server thread/INFO]: Generating keypair
[16:46:30] [Server thread/INFO]: Starting Minecraft server on *:25565
[16:46:30] [Server thread/INFO]: Using epoll channel type
[16:46:30] [Server thread/WARN]: **** SERVER IS RUNNING IN OFFLINE/INSECURE MODE!
[16:46:30] [Server thread/WARN]: The server will make no attempt to authenticate usernames. Beware.
[16:46:30] [Server thread/WARN]: While this makes the game possible to play without internet access, it also opens up the ability for hackers to connect with any username they choose.
[16:46:30] [Server thread/WARN]: To change this, set "online-mode" to "true" in the server.properties file.
[16:46:30] [Server thread/INFO]: Preparing level "world"
[16:46:30] [Server thread/INFO]: Loaded 488 advancements
[16:46:30] [Server thread/INFO]: Preparing start region for level 0
[16:46:31] [Server thread/INFO]: Done (0.778s)! For help, type "help" or "?"
[16:46:36] [Server thread/INFO]: Player651[/127.0.0.1:38552] logged in with entity id 178 at (249.5, 84.0, 108.5)
[16:46:36] [Server thread/INFO]: Player651 joined the game
[16:48:25] [Server thread/INFO]: Player651 lost connection: Disconnected
[16:48:25] [Server thread/INFO]: Player651 left the game
[16:48:48] [Server Shutdown Thread/INFO]: Stopping server
[16:48:48] [Server console handler/ERROR]: Exception handling console input
java.io.IOException: Input/output error
	at java.io.FileInputStream.readBytes(Native Method) ~[?:?]
	at java.io.FileInputStream.read(FileInputStream.java:276) ~[?:?]
	at java.io.BufferedInputStream.read1(BufferedInputStream.java:282) ~[?:?]
	at java.io.BufferedInputStream.read(BufferedInputStream.java:343) ~[?:?]
	at sun.nio.cs.StreamDecoder.readBytes(StreamDecoder.java:270) ~[?:?]
	at sun.nio.cs.StreamDecoder.implRead(StreamDecoder.java:313) ~[?:?]
	at sun.nio.cs.StreamDecoder.read(StreamDecoder.java:188) ~[?:?]
	at java.io.InputStreamReader.read(InputStreamReader.java:177) ~[?:?]
	at java.io.BufferedReader.fill(BufferedReader.java:162) ~[?:?]
	at java.io.BufferedReader.readLine(BufferedReader.java:329) ~[?:?]
	at java.io.BufferedReader.readLine(BufferedReader.java:396) ~[?:?]
	at nx$2.run(SourceFile:97) [server.jar:?]
